Вложенность: 1 Состояний: 8 Время: 1.2000000476837158
Solver.ts:71 Вложенность: 2 Состояний: 60 Время: 1.7999999523162842
Solver.ts:71 Вложенность: 3 Состояний: 306 Время: 15.200000047683716
Solver.ts:71 Вложенность: 4 Состояний: 1423 Время: 165.10000014305115
Solver.ts:71 Вложенность: 5 Состояний: 6436 Время: 2191.899999856949
Solver.ts:71 Вложенность: 6 Состояний: 27878 Время: 41296.90000009537


// После определения углов
Solver.ts:54 Вложенность: 1 Состояний:  7 Время: 0.9000000953674316
Solver.ts:54 Вложенность: 2 Состояний:  40 Время: 1.7999999523162842
Solver.ts:54 Вложенность: 3 Состояний:  130 Время: 9
Solver.ts:54 Вложенность: 4 Состояний:  336 Время: 22.40000009536743
Solver.ts:54 Вложенность: 5 Состояний:  924 Время: 74.19999980926514
Solver.ts:54 Вложенность: 6 Состояний:  2851 Время: 553.2000000476837
Solver.ts:54 Вложенность: 7 Состояний:  8898 Время: 5280.700000047684
Solver.ts:54 Вложенность: 8 Состояний:  26634 Время: 52694.700000047684

// 2025-06-17
Вложенность: 1 Состояний:  7 Всего состояний:  7 Время: 0.9000000357627869
Solver.ts:56 Вложенность: 2 Состояний:  40 Всего состояний:  47 Время: 2.300000011920929
Solver.ts:56 Вложенность: 3 Состояний:  130 Всего состояний:  177 Время: 7.199999988079071
Solver.ts:56 Вложенность: 4 Состояний:  336 Всего состояний:  513 Время: 22.69999998807907
Solver.ts:56 Вложенность: 5 Состояний:  924 Всего состояний:  1437 Время: 53.89999997615814
Solver.ts:56 Вложенность: 6 Состояний:  2851 Всего состояний:  4288 Время: 213.30000001192093
Solver.ts:56 Вложенность: 7 Состояний:  8898 Всего состояний:  13186 Время: 799.6999999880791
Solver.ts:56 Вложенность: 8 Состояний:  26634 Всего состояний:  39820 Время: 3165.400000035763
Solver.ts:56 Вложенность: 9 Состояний:  77002 Всего состояний:  116822 Время: 9391.199999988079

// После оптимизации
Вложенность: 1 Состояний:  7 Всего состояний:  7 Время: 0.800000011920929 Общее время: 0.800000011920929
Solver.ts:57 Вложенность: 2 Состояний:  40 Всего состояний:  47 Время: 1.300000011920929 Общее время: 2.300000011920929
Solver.ts:57 Вложенность: 3 Состояний:  130 Всего состояний:  177 Время: 3.699999988079071 Общее время: 6.099999964237213
Solver.ts:57 Вложенность: 4 Состояний:  336 Всего состояний:  513 Время: 9.799999952316284 Общее время: 16.099999964237213
Solver.ts:57 Вложенность: 5 Состояний:  924 Всего состояний:  1437 Время: 21.80000001192093 Общее время: 38
Solver.ts:57 Вложенность: 6 Состояний:  2851 Всего состояний:  4288 Время: 71.5 Общее время: 109.89999997615814
Solver.ts:57 Вложенность: 7 Состояний:  8898 Всего состояний:  13186 Время: 268.80000001192093 Общее время: 379.30000001192093
Solver.ts:57 Вложенность: 8 Состояний:  26634 Всего состояний:  39820 Время: 1167.7000000476837 Общее время: 1548.300000011921
Solver.ts:57 Вложенность: 9 Состояний:  77002 Всего состояний:  116822 Время: 3766.699999988079 Общее время: 5318.899999976158


// После введения стен
Solver.ts:57 Вложенность: 1 Состояний:  6 Всего состояний:  6 Время: 1.5 Общее время: 1.5
Solver.ts:57 Вложенность: 2 Состояний:  29 Всего состояний:  35 Время: 1.100000023841858 Общее время: 2.900000035762787
Solver.ts:57 Вложенность: 3 Состояний:  78 Всего состояний:  113 Время: 4 Общее время: 7.100000023841858
Solver.ts:57 Вложенность: 4 Состояний:  175 Всего состояний:  288 Время: 7.800000011920929 Общее время: 15.100000023841858
Solver.ts:57 Вложенность: 5 Состояний:  510 Всего состояний:  798 Время: 19 Общее время: 34.30000001192093
Solver.ts:57 Вложенность: 6 Состояний:  1713 Всего состояний:  2511 Время: 57.10000002384186 Общее время: 91.70000004768372
Solver.ts:57 Вложенность: 7 Состояний:  5234 Всего состояний:  7745 Время: 178.39999997615814 Общее время: 270.5
Solver.ts:57 Вложенность: 8 Состояний:  14330 Всего состояний:  22075 Время: 702.6999999880791 Общее время: 974
Solver.ts:57 Вложенность: 9 Состояний:  37112 Всего состояний:  59187 Время: 1865.800000011921 Общее время: 2841.7000000476837
Solver.ts:57 Вложенность: 10 Состояний:  95343 Всего состояний:  154530 Время: 5200.600000023842 Общее время: 8047.700000047684
Solver.ts:57 Вложенность: 11 Состояний:  252317 Всего состояний:  406847 Время: 13898.600000023842 Общее время: 21963.600000023842
Solver.ts:57 Вложенность: 12 Состояний:  706671 Всего состояний:  1113518 Время: 39432.39999997616 Общее время: 61457.80000001192

// После введения проверки на доступность с другой стороны - НЕ ОПРАВДАНО
Вложенность: 1 Состояний:  6 Всего состояний:  6 Время: 1.600000023841858 Общее время: 1.699999988079071
Solver.ts:58 Вложенность: 2 Состояний:  19 Всего состояний:  25 Время: 2.300000011920929 Общее время: 4.300000011920929
Solver.ts:58 Вложенность: 3 Состояний:  44 Всего состояний:  69 Время: 4 Общее время: 8.399999976158142
Solver.ts:58 Вложенность: 4 Состояний:  101 Всего состояний:  168 Время: 10 Общее время: 18.600000023841858
Solver.ts:58 Вложенность: 5 Состояний:  277 Всего состояний:  435 Время: 36.30000001192093 Общее время: 55.19999998807907
Solver.ts:58 Вложенность: 6 Состояний:  805 Всего состояний:  1218 Время: 119.10000002384186 Общее время: 174.5
Solver.ts:58 Вложенность: 7 Состояний:  2198 Всего состояний:  3386 Время: 351.80000001192093 Общее время: 526.6000000238419
Solver.ts:58 Вложенность: 8 Состояний:  5622 Всего состояний:  8932 Время: 990 Общее время: 1517.1000000238419
Solver.ts:58 Вложенность: 9 Состояний:  13964 Всего состояний:  22585 Время: 2597.300000011921 Общее время: 4115.300000011921
Solver.ts:58 Вложенность: 10 Состояний:  34884 Всего состояний:  56399 Время: 6557.699999988079 Общее время: 10675

// После оптимизации проверки на доступность (от предыдущих состояний)
Вложенность: 1 Состояний:  6 Всего состояний:  6 Время: 1.800000011920929 Общее время: 1.800000011920929
Solver.ts:60 Вложенность: 2 Состояний:  19 Всего состояний:  25 Время: 1.9000000357627869 Общее время: 3.900000035762787
Solver.ts:60 Вложенность: 3 Состояний:  46 Всего состояний:  69 Время: 3.899999976158142 Общее время: 8
Solver.ts:60 Вложенность: 4 Состояний:  111 Всего состояний:  168 Время: 11.900000035762787 Общее время: 20.100000023841858
Solver.ts:60 Вложенность: 5 Состояний:  310 Всего состояний:  435 Время: 25.799999952316284 Общее время: 46.19999998807907
Solver.ts:60 Вложенность: 6 Состояний:  892 Всего состояний:  1218 Время: 66.10000002384186 Общее время: 112.60000002384186
Solver.ts:60 Вложенность: 7 Состояний:  2429 Всего состояний:  3386 Время: 179.89999997615814 Общее время: 292.80000001192093
Solver.ts:60 Вложенность: 8 Состояний:  6333 Всего состояний:  8932 Время: 485.5 Общее время: 778.8000000119209
Solver.ts:60 Вложенность: 9 Состояний:  16137 Всего состояний:  22585 Время: 1202.4000000357628 Общее время: 1982.1000000238419
Solver.ts:60 Вложенность: 10 Состояний:  41128 Всего состояний:  56399 Время: 3133.599999964237 Общее время: 5118
Solver.ts:60 Вложенность: 11 Состояний:  107390 Всего состояний:  142920 Время: 8410.100000023842 Общее время: 13534.100000023842
Solver.ts:60 Вложенность: 12 Состояний:  293091 Всего состояний:  374844 Время: 23663 Общее время: 37216.69999998808
Solver.ts:60 Вложенность: 13 Состояний:  834631 Всего состояний:  1020170 Время: 76489.80000001192 Общее время: 113762.30000001192

// Перед внедрением асинхронности
Вложенность: 1 Состояний:  6 Всего состояний:  6 Время: 1.800000011920929 Общее время: 2
Solver.ts:114 Вложенность: 2 Состояний:  19 Всего состояний:  25 Время: 2.199999988079071 Общее время: 4
Solver.ts:114 Вложенность: 3 Состояний:  46 Всего состояний:  69 Время: 3.700000047683716 Общее время: 8
Solver.ts:114 Вложенность: 4 Состояний:  111 Всего состояний:  168 Время: 8.300000011920929 Общее время: 16
Solver.ts:114 Вложенность: 5 Состояний:  310 Всего состояний:  435 Время: 27.19999998807907 Общее время: 44
Solver.ts:114 Вложенность: 6 Состояний:  892 Всего состояний:  1218 Время: 68.09999996423721 Общее время: 112
Solver.ts:114 Вложенность: 7 Состояний:  2429 Всего состояний:  3386 Время: 186 Общее время: 299
Solver.ts:114 Вложенность: 8 Состояний:  6333 Всего состояний:  8932 Время: 494.80000001192093 Общее время: 794
Solver.ts:114 Вложенность: 9 Состояний:  16137 Всего состояний:  22585 Время: 1244.199999988079 Общее время: 2039
Solver.ts:114 Вложенность: 10 Состояний:  41128 Всего состояний:  56399 Время: 3185.800000011921 Общее время: 5227
Solver.ts:114 Вложенность: 11 Состояний:  107390 Всего состояний:  142920 Время: 8663.199999988079 Общее время: 13896
Solver.ts:114 Вложенность: 12 Состояний:  293091 Всего состояний:  374844 Время: 23326.600000023842 Общее время: 37245

// После внедрения асинхронности - НЕ ПОДХОДИТ, СЛИШКОМ МЕДЛЕННО
Вложенность: 1 Состояний:  6 Всего состояний:  6 Время: 3 Общее время: 3
Solver.ts:114 Вложенность: 2 Состояний:  19 Всего состояний:  25 Время: 7 Общее время: 10
Solver.ts:114 Вложенность: 3 Состояний:  46 Всего состояний:  69 Время: 100 Общее время: 110
Solver.ts:114 Вложенность: 4 Состояний:  111 Всего состояний:  168 Время: 241.19999998807907 Общее время: 352
Solver.ts:114 Вложенность: 5 Состояний:  310 Всего состояний:  435 Время: 574.4000000357628 Общее время: 926
Solver.ts:114 Вложенность: 6 Состояний:  892 Всего состояний:  1218 Время: 1644.300000011921 Общее время: 2571
Solver.ts:114 Вложенность: 7 Состояний:  2429 Всего состояний:  3386 Время: 4656.699999988079 Общее время: 7228
Solver.ts:114 Вложенность: 8 Состояний:  6333 Всего состояний:  8932 Время: 12577.699999988079 Общее время: 19806
Solver.ts:114 Вложенность: 9 Состояний:  16137 Всего состояний:  22585 Время: 32711.899999976158 Общее время: 52520


// После внедрения асинхронности по секундам
Вложенность: 1 Состояний:  6 Всего состояний:  6 Время: 3.099999964237213 Общее время: 3
Solver.ts:119 Вложенность: 2 Состояний:  19 Всего состояний:  25 Время: 1.5999999642372131 Общее время: 5
Solver.ts:119 Вложенность: 3 Состояний:  46 Всего состояний:  69 Время: 5.699999988079071 Общее время: 11
Solver.ts:119 Вложенность: 4 Состояний:  111 Всего состояний:  168 Время: 8.199999988079071 Общее время: 19
Solver.ts:119 Вложенность: 5 Состояний:  310 Всего состояний:  435 Время: 22.5 Общее время: 42
Solver.ts:119 Вложенность: 6 Состояний:  892 Всего состояний:  1218 Время: 78.30000001192093 Общее время: 120
Solver.ts:119 Вложенность: 7 Состояний:  2429 Всего состояний:  3386 Время: 200.30000001192093 Общее время: 321
Solver.ts:119 Вложенность: 8 Состояний:  6333 Всего состояний:  8932 Время: 515.8000000119209 Общее время: 837
Solver.ts:119 Вложенность: 9 Состояний:  16137 Всего состояний:  22585 Время: 1313 Общее время: 2151
Solver.ts:119 Вложенность: 10 Состояний:  41128 Всего состояний:  56399 Время: 3271.5 Общее время: 5424
Solver.ts:119 Вложенность: 11 Состояний:  107390 Всего состояний:  142920 Время: 8956.300000011921 Общее время: 14386
Solver.ts:119 Вложенность: 12 Состояний:  293091 Всего состояний:  374844 Время: 26607.900000035763 Общее время: 41013